<?xml version="1.0" encoding="UTF-8"?>
<!-- Generated by org.testng.reporters.JUnitReportReporter -->
<testsuite skipped="0" hostname="THALAIVAA" name="org.sample.Facebook" tests="2" failures="0" timestamp="10 Dec 2021 05:23:12 GMT" time="21.567" errors="0">
  <testcase name="test1" time="7.709" classname="org.sample.Facebook"/>
  <testcase name="test2" time="13.858" classname="org.sample.Facebook"/>
</testsuite> <!-- org.sample.Facebook -->
