<?xml version="1.0" encoding="UTF-8"?>
<!-- Generated by org.testng.reporters.JUnitReportReporter -->
<testsuite skipped="0" hostname="THALAIVAA" name="org.dataprovider.DataProviders" tests="1" failures="0" timestamp="10 Dec 2021 19:18:57 GMT" time="7.431" errors="0">
  <testcase name="test" time="7.431" classname="org.dataprovider.DataProviders"/>
</testsuite> <!-- org.dataprovider.DataProviders -->
