<?xml version="1.0" encoding="UTF-8"?>
<!-- Generated by org.testng.reporters.JUnitReportReporter -->
<testsuite skipped="0" hostname="THALAIVAA" name="org.groups.Group" tests="1" failures="0" timestamp="11 Dec 2021 01:55:18 GMT" time="6.703" errors="0">
  <testcase name="test2" time="6.703" classname="org.groups.Group"/>
</testsuite> <!-- org.groups.Group -->
